<?xml version="1.0" encoding="UTF-8"?>
<!-- Generated by org.testng.reporters.JUnitReportReporter -->
<testsuite hostname="Optimus-Prime" failures="0" tests="1" name="pages.ProductsPage" time="5.044" errors="0" timestamp="2022-07-30T21:59:12 EDT" skipped="0">
  <testcase classname="pages.ProductsPage" name="addItemToCart" time="5.044"/>
</testsuite> <!-- pages.ProductsPage -->
