<?xml version="1.0" encoding="UTF-8"?>
<!-- Generated by org.testng.reporters.JUnitReportReporter -->
<testsuite hostname="Optimus-Prime" failures="0" tests="3" name="pages.LoginPage" time="15.278" errors="0" timestamp="2022-07-30T21:59:12 EDT" skipped="0">
  <testcase classname="pages.LoginPage" name="enterUserName" time="5.128"/>
  <testcase classname="pages.LoginPage" name="enterPassword" time="5.050"/>
  <testcase classname="pages.LoginPage" name="clickLogIn" time="5.100"/>
</testsuite> <!-- pages.LoginPage -->
