<?xml version="1.0" encoding="UTF-8"?>
<!-- Generated by org.testng.reporters.JUnitReportReporter -->
<testsuite hostname="Optimus-Prime" failures="0" tests="3" name="pages.LoginPage" time="15.271" errors="0" timestamp="2022-07-30T21:58:26 EDT" skipped="0">
  <testcase classname="pages.LoginPage" name="enterUserName" time="5.110"/>
  <testcase classname="pages.LoginPage" name="enterPassword" time="5.062"/>
  <testcase classname="pages.LoginPage" name="clickLogIn" time="5.099"/>
</testsuite> <!-- pages.LoginPage -->
